<?xml version="1.0" encoding="utf-8"?><testsuites name="pytest tests"><testsuite name="pytest" errors="0" failures="0" skipped="0" tests="12" time="67.797" timestamp="2026-04-03T13:42:11.318517+00:00" hostname="agent-env-e3923647-40c9-4c91-97f2-e62a7f55dadf"><testcase classname="backend.tests.test_password_reset_link_flow.TestForgotPasswordEndpoint" name="test_01_forgot_password_with_registered_email_returns_success" time="0.762" /><testcase classname="backend.tests.test_password_reset_link_flow.TestForgotPasswordEndpoint" name="test_02_forgot_password_with_nonexistent_email_returns_same_success" time="0.109" /><testcase classname="backend.tests.test_password_reset_link_flow.TestForgotPasswordEndpoint" name="test_03_forgot_password_with_empty_email_returns_400" time="0.114" /><testcase classname="backend.tests.test_password_reset_link_flow.TestResetPasswordEndpoint" name="test_01_reset_password_with_valid_token_changes_password" time="0.851" /><testcase classname="backend.tests.test_password_reset_link_flow.TestResetPasswordEndpoint" name="test_02_reset_password_with_invalid_token_returns_400" time="0.108" /><testcase classname="backend.tests.test_password_reset_link_flow.TestResetPasswordEndpoint" name="test_03_reset_password_with_weak_password_short_returns_400" time="0.606" /><testcase classname="backend.tests.test_password_reset_link_flow.TestResetPasswordEndpoint" name="test_04_reset_password_with_weak_password_no_uppercase_returns_400" time="0.778" /><testcase classname="backend.tests.test_password_reset_link_flow.TestResetPasswordEndpoint" name="test_05_reset_password_with_weak_password_no_digit_returns_400" time="0.440" /><testcase classname="backend.tests.test_password_reset_link_flow.TestResetPasswordEndpoint" name="test_06_reset_password_with_weak_password_no_special_returns_400" time="0.458" /><testcase classname="backend.tests.test_password_reset_link_flow.TestLoginAfterPasswordReset" name="test_01_login_with_new_password_after_reset_works" time="61.328" /><testcase classname="backend.tests.test_password_reset_link_flow.TestLoginAfterPasswordReset" name="test_02_login_with_old_password_after_reset_fails" time="1.198" /><testcase classname="backend.tests.test_password_reset_link_flow.TestUsedTokenCannotBeReused" name="test_used_token_cannot_be_reused" time="0.910" /></testsuite></testsuites>