<?xml version="1.0" encoding="utf-8"?><testsuites name="pytest tests"><testsuite name="pytest" errors="0" failures="0" skipped="0" tests="10" time="1.553" timestamp="2026-04-07T06:19:23.089205+00:00" hostname="agent-env-e3923647-40c9-4c91-97f2-e62a7f55dadf"><testcase classname="backend.tests.test_cart_edit_feature.TestCartPatchEndpoint" name="test_api_health" time="0.202" /><testcase classname="backend.tests.test_cart_edit_feature.TestCartPatchEndpoint" name="test_nametag_product_exists" time="0.158" /><testcase classname="backend.tests.test_cart_edit_feature.TestCartPatchEndpoint" name="test_add_nametag_to_cart" time="0.113" /><testcase classname="backend.tests.test_cart_edit_feature.TestCartPatchEndpoint" name="test_patch_cart_item_updates_data" time="0.147" /><testcase classname="backend.tests.test_cart_edit_feature.TestCartPatchEndpoint" name="test_patch_nonexistent_cart_returns_404" time="0.107" /><testcase classname="backend.tests.test_cart_edit_feature.TestCartPatchEndpoint" name="test_patch_nonexistent_item_returns_404" time="0.164" /><testcase classname="backend.tests.test_cart_edit_feature.TestCartPatchEndpoint" name="test_patch_does_not_create_duplicate" time="0.161" /><testcase classname="backend.tests.test_cart_edit_feature.TestCartPatchEndpoint" name="test_get_cart_returns_editable_items" time="0.166" /><testcase classname="backend.tests.test_cart_edit_feature.TestCalendarEditSupport" name="test_get_calendar_products" time="0.157" /><testcase classname="backend.tests.test_cart_edit_feature.TestPhotoAlbumEditSupport" name="test_get_photoalbum_products" time="0.102" /></testsuite></testsuites>