<?xml version="1.0" encoding="utf-8"?><testsuites name="pytest tests"><testsuite name="pytest" errors="0" failures="0" skipped="0" tests="9" time="4.612" timestamp="2026-04-06T19:15:31.853688+00:00" hostname="agent-env-e3923647-40c9-4c91-97f2-e62a7f55dadf"><testcase classname="backend.tests.test_shipping_email_feature.TestProductsAPI" name="test_get_products_returns_list" time="0.315" /><testcase classname="backend.tests.test_shipping_email_feature.TestAdminLogin" name="test_admin_login_with_correct_credentials" time="0.362" /><testcase classname="backend.tests.test_shipping_email_feature.TestAdminLogin" name="test_admin_login_with_wrong_credentials" time="0.126" /><testcase classname="backend.tests.test_shipping_email_feature.TestAdminLogin" name="test_admin_full_login_with_2fa" time="0.491" /><testcase classname="backend.tests.test_shipping_email_feature.TestShippingEmailFeature" name="test_get_orders_list" time="0.644" /><testcase classname="backend.tests.test_shipping_email_feature.TestShippingEmailFeature" name="test_update_order_status_to_shipped" time="0.989" /><testcase classname="backend.tests.test_shipping_email_feature.TestShippingEmailFeature" name="test_update_order_status_to_skickad_swedish" time="0.987" /><testcase classname="backend.tests.test_shipping_email_feature.TestOrderConfirmationEmail" name="test_order_confirmation_endpoint_exists" time="0.373" /><testcase classname="backend.tests.test_shipping_email_feature.TestEmailServiceFunctions" name="test_shipping_settings_endpoint" time="0.257" /></testsuite></testsuites>