<?xml version="1.0" encoding="utf-8"?><testsuites name="pytest tests"><testsuite name="pytest" errors="0" failures="0" skipped="0" tests="12" time="9.551" timestamp="2026-05-04T11:03:31.426393+00:00" hostname="agent-env-e3923647-40c9-4c91-97f2-e62a7f55dadf"><testcase classname="tests.test_r2_storage.TestUpload" name="test_upload_jpg_lands_in_r2_not_local" time="1.059" /><testcase classname="tests.test_r2_storage.TestUpload" name="test_upload_png" time="0.889" /><testcase classname="tests.test_r2_storage.TestUpload" name="test_upload_invalid_type_rejected" time="0.102" /><testcase classname="tests.test_r2_storage.TestUploadBase64" name="test_upload_base64_lands_in_r2" time="0.883" /><testcase classname="tests.test_r2_storage.TestUploadBase64" name="test_upload_base64_url_rejected" time="0.108" /><testcase classname="tests.test_r2_storage.TestGetUpload" name="test_proxy_from_r2_when_no_local" time="1.082" /><testcase classname="tests.test_r2_storage.TestGetUpload" name="test_local_legacy_file_still_served" time="0.109" /><testcase classname="tests.test_r2_storage.TestGetUpload" name="test_missing_file_returns_404" time="0.289" /><testcase classname="tests.test_r2_storage.TestCalendarPdf" name="test_generate_pdf_with_r2_image" time="0.955" /><testcase classname="tests.test_r2_storage.TestBusinessCardPreview" name="test_preview_pdf_with_r2_logo" time="1.460" /><testcase classname="tests.test_r2_storage.TestCatalogOrderPrint" name="test_print_order_pdf_to_r2" time="1.417" /><testcase classname="tests.test_r2_storage.TestBusinessCardOrderPdf" name="test_businesscard_pdf_to_r2" time="1.082" /></testsuite></testsuites>