<?xml version="1.0" encoding="utf-8"?><testsuites name="pytest tests"><testsuite name="pytest" errors="0" failures="0" skipped="0" tests="24" time="5.602" timestamp="2026-04-06T20:29:20.401773+00:00" hostname="agent-env-e3923647-40c9-4c91-97f2-e62a7f55dadf"><testcase classname="tests.test_refactor_regression.TestAPIRoot" name="test_api_root_returns_version" time="0.177" /><testcase classname="tests.test_refactor_regression.TestProductsEndpoints" name="test_get_products_list" time="0.107" /><testcase classname="tests.test_refactor_regression.TestProductsEndpoints" name="test_get_categories" time="0.105" /><testcase classname="tests.test_refactor_regression.TestProductsEndpoints" name="test_get_specific_product" time="0.256" /><testcase classname="tests.test_refactor_regression.TestAuthEndpoints" name="test_register_new_user" time="0.358" /><testcase classname="tests.test_refactor_regression.TestAuthEndpoints" name="test_login_user" time="0.713" /><testcase classname="tests.test_refactor_regression.TestCartEndpoints" name="test_get_empty_cart" time="0.118" /><testcase classname="tests.test_refactor_regression.TestCartEndpoints" name="test_add_item_to_cart" time="0.249" /><testcase classname="tests.test_refactor_regression.TestCartEndpoints" name="test_delete_item_from_cart" time="0.503" /><testcase classname="tests.test_refactor_regression.TestReviewsEndpoints" name="test_get_reviews" time="0.098" /><testcase classname="tests.test_refactor_regression.TestShippingEndpoints" name="test_get_shipping_settings" time="0.122" /><testcase classname="tests.test_refactor_regression.TestDiscountEndpoints" name="test_validate_discount_code" time="0.127" /><testcase classname="tests.test_refactor_regression.TestAdminEndpoints" name="test_admin_login_step1" time="0.325" /><testcase classname="tests.test_refactor_regression.TestAdminEndpoints" name="test_admin_verify_2fa" time="0.444" /><testcase classname="tests.test_refactor_regression.TestAdminEndpoints" name="test_admin_stats" time="0.565" /><testcase classname="tests.test_refactor_regression.TestAdminEndpoints" name="test_admin_users" time="0.127" /><testcase classname="tests.test_refactor_regression.TestAdminEndpoints" name="test_admin_orders" time="0.170" /><testcase classname="tests.test_refactor_regression.TestAdminEndpoints" name="test_admin_products" time="0.143" /><testcase classname="tests.test_refactor_regression.TestAdminEndpoints" name="test_admin_payment_settings" time="0.164" /><testcase classname="tests.test_refactor_regression.TestAdminEndpoints" name="test_admin_settings" time="0.095" /><testcase classname="tests.test_refactor_regression.TestAdminEndpoints" name="test_admin_discount_codes" time="0.138" /><testcase classname="tests.test_refactor_regression.TestAdminEndpoints" name="test_admin_logs" time="0.131" /><testcase classname="tests.test_refactor_regression.TestAdminEndpoints" name="test_admin_nametag_pdf" time="0.142" /><testcase classname="tests.test_refactor_regression.TestUploadEndpoints" name="test_upload_base64" time="0.132" /></testsuite></testsuites>