<?xml version="1.0" encoding="utf-8"?><testsuites name="pytest tests"><testsuite name="pytest" errors="0" failures="0" skipped="0" tests="11" time="5.617" timestamp="2026-04-07T09:47:56.385669+00:00" hostname="agent-env-e3923647-40c9-4c91-97f2-e62a7f55dadf"><testcase classname="backend.tests.test_virtual_products_checkout.TestVirtualProductsInCheckout" name="test_checkout_includes_print_catalog_custom" time="0.930" /><testcase classname="backend.tests.test_virtual_products_checkout.TestVirtualProductsInCheckout" name="test_checkout_includes_print_businesscard" time="0.554" /><testcase classname="backend.tests.test_virtual_products_checkout.TestVirtualProductsInCheckout" name="test_checkout_includes_print_catalog" time="0.593" /><testcase classname="backend.tests.test_virtual_products_checkout.TestVirtualProductsInCheckout" name="test_checkout_includes_our_catalog_physical" time="0.306" /><testcase classname="backend.tests.test_virtual_products_checkout.TestVirtualProductsInCheckout" name="test_checkout_includes_our_catalog_digital" time="0.215" /><testcase classname="backend.tests.test_virtual_products_checkout.TestVirtualProductsInCheckout" name="test_checkout_mixed_virtual_and_regular_products" time="0.782" /><testcase classname="backend.tests.test_virtual_products_checkout.TestBuildOrderItemsLogic" name="test_virtual_product_uses_cart_item_price" time="0.307" /><testcase classname="backend.tests.test_virtual_products_checkout.TestBuildOrderItemsLogic" name="test_virtual_product_uses_cart_item_name" time="0.312" /><testcase classname="backend.tests.test_virtual_products_checkout.TestBuildOrderItemsLogic" name="test_zero_price_items_skipped" time="0.645" /><testcase classname="backend.tests.test_virtual_products_checkout.TestCartEditForCatalogDesign" name="test_catalog_design_item_has_cart_item_id" time="0.359" /><testcase classname="backend.tests.test_virtual_products_checkout.TestCartEditForCatalogDesign" name="test_update_catalog_design_item" time="0.557" /></testsuite></testsuites>