<?xml version="1.0" encoding="utf-8"?><testsuites name="pytest tests"><testsuite name="pytest" errors="0" failures="0" skipped="0" tests="12" time="2.524" timestamp="2026-04-03T10:41:55.989226+00:00" hostname="agent-env-e3923647-40c9-4c91-97f2-e62a7f55dadf"><testcase classname="backend.tests.test_customer_forgot_password.TestCustomerForgotPasswordFlow" name="test_01_forgot_password_nonexistent_email" time="0.166" /><testcase classname="backend.tests.test_customer_forgot_password.TestCustomerForgotPasswordFlow" name="test_02_forgot_password_empty_email" time="0.124" /><testcase classname="backend.tests.test_customer_forgot_password.TestCustomerForgotPasswordFlow" name="test_03_forgot_password_valid_customer_email" time="0.674" /><testcase classname="backend.tests.test_customer_forgot_password.TestCustomerForgotPasswordFlow" name="test_04_reset_password_invalid_code" time="0.100" /><testcase classname="backend.tests.test_customer_forgot_password.TestCustomerForgotPasswordFlow" name="test_05_reset_password_weak_password_short" time="0.113" /><testcase classname="backend.tests.test_customer_forgot_password.TestCustomerForgotPasswordFlow" name="test_06_reset_password_weak_password_no_uppercase" time="0.113" /><testcase classname="backend.tests.test_customer_forgot_password.TestCustomerForgotPasswordFlow" name="test_07_reset_password_weak_password_no_lowercase" time="0.093" /><testcase classname="backend.tests.test_customer_forgot_password.TestCustomerForgotPasswordFlow" name="test_08_reset_password_weak_password_no_digit" time="0.109" /><testcase classname="backend.tests.test_customer_forgot_password.TestCustomerForgotPasswordFlow" name="test_09_reset_password_weak_password_no_special" time="0.120" /><testcase classname="backend.tests.test_customer_forgot_password.TestCustomerForgotPasswordE2E" name="test_full_forgot_password_flow" time="0.585" /><testcase classname="backend.tests.test_customer_forgot_password.TestCustomerLoginAfterReset" name="test_login_with_wrong_password" time="0.134" /><testcase classname="backend.tests.test_customer_forgot_password.TestCustomerLoginAfterReset" name="test_login_endpoint_exists" time="0.135" /></testsuite></testsuites>