<?xml version="1.0" encoding="utf-8"?><testsuites name="pytest tests"><testsuite name="pytest" errors="0" failures="0" skipped="0" tests="17" time="5.793" timestamp="2026-04-03T09:10:01.950571+00:00" hostname="agent-env-e3923647-40c9-4c91-97f2-e62a7f55dadf"><testcase classname="backend.tests.test_admin_2fa_auth.TestAdminLogin" name="test_admin_login_success" time="0.421" /><testcase classname="backend.tests.test_admin_2fa_auth.TestAdminLogin" name="test_admin_login_wrong_password" time="0.319" /><testcase classname="backend.tests.test_admin_2fa_auth.TestAdminLogin" name="test_admin_login_wrong_email" time="0.102" /><testcase classname="backend.tests.test_admin_2fa_auth.TestAdmin2FAStatus" name="test_2fa_status_endpoint" time="0.424" /><testcase classname="backend.tests.test_admin_2fa_auth.TestAdmin2FASetupFlow" name="test_setup_2fa_returns_qr_and_secret" time="0.444" /><testcase classname="backend.tests.test_admin_2fa_auth.TestAdmin2FASetupFlow" name="test_full_2fa_flow" time="1.375" /><testcase classname="backend.tests.test_admin_2fa_auth.TestAdminForgotPassword" name="test_forgot_password_with_valid_email" time="0.114" /><testcase classname="backend.tests.test_admin_2fa_auth.TestAdminForgotPassword" name="test_forgot_password_with_invalid_email" time="0.098" /><testcase classname="backend.tests.test_admin_2fa_auth.TestAdminForgotPassword" name="test_reset_password_flow" time="1.509" /><testcase classname="backend.tests.test_admin_2fa_auth.TestAdminForgotPassword" name="test_reset_password_with_invalid_code" time="0.112" /><testcase classname="backend.tests.test_admin_2fa_auth.TestAdminForgotPassword" name="test_reset_password_too_short" time="0.220" /><testcase classname="backend.tests.test_admin_2fa_auth.TestAdmin2FAVerifyErrors" name="test_verify_2fa_with_invalid_temp_token" time="0.104" /><testcase classname="backend.tests.test_admin_2fa_auth.TestAdmin2FAVerifyErrors" name="test_verify_2fa_with_expired_token" time="0.101" /><testcase classname="backend.tests.test_admin_2fa_auth.TestAdminEndpointsRequireAuth" name="test_2fa_status_requires_auth" time="0.096" /><testcase classname="backend.tests.test_admin_2fa_auth.TestAdminEndpointsRequireAuth" name="test_setup_2fa_requires_auth" time="0.106" /><testcase classname="backend.tests.test_admin_2fa_auth.TestAdminEndpointsRequireAuth" name="test_confirm_2fa_requires_auth" time="0.095" /><testcase classname="backend.tests.test_admin_2fa_auth.TestAdminEndpointsRequireAuth" name="test_disable_2fa_requires_auth" time="0.097" /></testsuite></testsuites>