<?xml version="1.0" encoding="utf-8"?><testsuites name="pytest tests"><testsuite name="pytest" errors="0" failures="0" skipped="0" tests="14" time="2.100" timestamp="2026-04-06T10:50:31.699153+00:00" hostname="agent-env-e3923647-40c9-4c91-97f2-e62a7f55dadf"><testcase classname="tests.test_code_quality_fixes.TestProductsAPI" name="test_get_products_returns_200" time="0.194" /><testcase classname="tests.test_code_quality_fixes.TestProductsAPI" name="test_get_categories_returns_200" time="0.160" /><testcase classname="tests.test_code_quality_fixes.TestProductsAPI" name="test_get_single_product" time="0.243" /><testcase classname="tests.test_code_quality_fixes.TestReviewsAPI" name="test_get_reviews_returns_200" time="0.139" /><testcase classname="tests.test_code_quality_fixes.TestReviewsAPI" name="test_get_review_platforms_returns_200" time="0.106" /><testcase classname="tests.test_code_quality_fixes.TestCartAPI" name="test_get_cart_returns_200" time="0.094" /><testcase classname="tests.test_code_quality_fixes.TestShippingSettingsAPI" name="test_get_shipping_settings_returns_200" time="0.096" /><testcase classname="tests.test_code_quality_fixes.TestAdminLoginAPI" name="test_admin_login_requires_credentials" time="0.098" /><testcase classname="tests.test_code_quality_fixes.TestAdminLoginAPI" name="test_admin_login_wrong_credentials" time="0.155" /><testcase classname="tests.test_code_quality_fixes.TestAdminLoginAPI" name="test_admin_login_correct_credentials_requires_2fa" time="0.328" /><testcase classname="tests.test_code_quality_fixes.TestAuthAPI" name="test_register_validates_password" time="0.106" /><testcase classname="tests.test_code_quality_fixes.TestAuthAPI" name="test_login_wrong_credentials" time="0.099" /><testcase classname="tests.test_code_quality_fixes.TestBackendStartup" name="test_backend_health" time="0.110" /><testcase classname="tests.test_code_quality_fixes.TestBackendStartup" name="test_email_service_import" time="0.110" /></testsuite></testsuites>