<?xml version="1.0" encoding="utf-8"?><testsuites name="pytest tests"><testsuite name="pytest" errors="0" failures="0" skipped="0" tests="11" time="4.328" timestamp="2026-03-23T12:18:28.536878+00:00" hostname="agent-env-e3923647-40c9-4c91-97f2-e62a7f55dadf"><testcase classname="backend.tests.test_all_order_types.TestAPIHealth" name="test_api_root" time="0.176" /><testcase classname="backend.tests.test_all_order_types.TestAdminLogin" name="test_admin_login" time="0.337" /><testcase classname="backend.tests.test_all_order_types.TestAllOrderTypes" name="test_get_all_orders" time="0.444" /><testcase classname="backend.tests.test_all_order_types.TestAllOrderTypes" name="test_nametag_order_exists" time="0.429" /><testcase classname="backend.tests.test_all_order_types.TestAllOrderTypes" name="test_calendar_order_exists" time="0.435" /><testcase classname="backend.tests.test_all_order_types.TestAllOrderTypes" name="test_design_order_exists" time="0.487" /><testcase classname="backend.tests.test_all_order_types.TestAllOrderTypes" name="test_photoalbum_order_exists" time="0.427" /><testcase classname="backend.tests.test_all_order_types.TestCartCustomizationTypes" name="test_add_design_to_cart" time="0.350" /><testcase classname="backend.tests.test_all_order_types.TestCartCustomizationTypes" name="test_add_calendar_to_cart" time="0.357" /><testcase classname="backend.tests.test_all_order_types.TestCartCustomizationTypes" name="test_cart_uses_item_price" time="0.383" /><testcase classname="backend.tests.test_all_order_types.TestCheckoutPreservesCustomization" name="test_checkout_preserves_item_price" time="0.443" /></testsuite></testsuites>