<?xml version="1.0" encoding="utf-8"?><testsuites name="pytest tests"><testsuite name="pytest" errors="0" failures="0" skipped="0" tests="13" time="2.165" timestamp="2026-04-07T06:39:57.410981+00:00" hostname="agent-env-e3923647-40c9-4c91-97f2-e62a7f55dadf"><testcase classname="backend.tests.test_catalog_orders.TestCatalogOrderAPI" name="test_create_digital_catalog_order" time="0.221" /><testcase classname="backend.tests.test_catalog_orders.TestCatalogOrderAPI" name="test_create_physical_catalog_order_with_address" time="0.107" /><testcase classname="backend.tests.test_catalog_orders.TestCatalogOrderAPI" name="test_create_order_with_optional_message" time="0.130" /><testcase classname="backend.tests.test_catalog_orders.TestCatalogOrderAPI" name="test_create_order_missing_required_field_company_name" time="0.108" /><testcase classname="backend.tests.test_catalog_orders.TestCatalogOrderAPI" name="test_create_order_missing_required_field_email" time="0.101" /><testcase classname="backend.tests.test_catalog_orders.TestCatalogOrderAPI" name="test_create_order_invalid_email_format" time="0.105" /><testcase classname="backend.tests.test_catalog_orders.TestCatalogOrderAPI" name="test_create_order_default_quantity" time="0.206" /><testcase classname="backend.tests.test_catalog_orders.TestCatalogOrderAPI" name="test_get_catalog_orders_returns_list" time="0.097" /><testcase classname="backend.tests.test_catalog_orders.TestCatalogOrderAPI" name="test_get_catalog_orders_sorted_by_newest_first" time="0.343" /><testcase classname="backend.tests.test_catalog_orders.TestCatalogOrderAPI" name="test_get_catalog_orders_contains_required_fields" time="0.203" /><testcase classname="backend.tests.test_catalog_orders.TestCatalogOrderAPI" name="test_get_catalog_orders_excludes_mongodb_id" time="0.141" /><testcase classname="backend.tests.test_catalog_orders.TestCatalogOrderEdgeCases" name="test_create_order_with_empty_optional_fields" time="0.122" /><testcase classname="backend.tests.test_catalog_orders.TestCatalogOrderEdgeCases" name="test_create_order_with_special_characters_in_company_name" time="0.213" /></testsuite></testsuites>