<?xml version="1.0" encoding="utf-8"?><testsuites name="pytest tests"><testsuite name="pytest" errors="0" failures="0" skipped="1" tests="8" time="3.875" timestamp="2026-04-06T20:02:41.962312+00:00" hostname="agent-env-e3923647-40c9-4c91-97f2-e62a7f55dadf"><testcase classname="tests.test_nametag_features.TestNametagProduct" name="test_nametag_product_exists" time="0.152" /><testcase classname="tests.test_nametag_features.TestAdminAuth" name="test_admin_login_step1" time="0.384" /><testcase classname="tests.test_nametag_features.TestAdminAuth" name="test_admin_login_with_2fa" time="0.504" /><testcase classname="tests.test_nametag_features.TestNametagPdfDownload" name="test_nametag_pdf_endpoint_exists" time="0.664" /><testcase classname="tests.test_nametag_features.TestNametagPdfDownload" name="test_nametag_pdf_download_with_auth" time="0.706" /><testcase classname="tests.test_nametag_features.TestNametagPdfDownload" name="test_nametag_pdf_invalid_order" time="0.618" /><testcase classname="tests.test_nametag_features.TestNametagOrderExists" name="test_nametag_order_exists" time="0.673" /><testcase classname="tests.test_nametag_features.TestNametagOrderExists" name="test_list_orders_with_nametag" time="0.115"><skipped type="pytest.skip" message="Admin login failed">/app/backend/tests/test_nametag_features.py:239: Admin login failed</skipped></testcase></testsuite></testsuites>