<?xml version="1.0" encoding="utf-8"?><testsuites name="pytest tests"><testsuite name="pytest" errors="0" failures="0" skipped="0" tests="11" time="0.991" timestamp="2026-04-07T08:03:36.007362+00:00" hostname="agent-env-e3923647-40c9-4c91-97f2-e62a7f55dadf"><testcase classname="backend.tests.test_b2b_cart.TestB2BVirtualProductsInCart" name="test_add_print_businesscard_to_cart" time="0.204" /><testcase classname="backend.tests.test_b2b_cart.TestB2BVirtualProductsInCart" name="test_add_print_catalog_to_cart" time="0.051" /><testcase classname="backend.tests.test_b2b_cart.TestB2BVirtualProductsInCart" name="test_add_our_catalog_physical_to_cart" time="0.061" /><testcase classname="backend.tests.test_b2b_cart.TestB2BVirtualProductsInCart" name="test_add_our_catalog_digital_to_cart" time="0.052" /><testcase classname="backend.tests.test_b2b_cart.TestCartRetrieval" name="test_get_cart_returns_all_b2b_items" time="0.051" /><testcase classname="backend.tests.test_b2b_cart.TestCartQuantityOperations" name="test_update_quantity_for_b2b_item" time="0.101" /><testcase classname="backend.tests.test_b2b_cart.TestCartQuantityOperations" name="test_decrease_quantity_for_b2b_item" time="0.100" /><testcase classname="backend.tests.test_b2b_cart.TestCartDeleteOperations" name="test_delete_b2b_item_from_cart" time="0.098" /><testcase classname="backend.tests.test_b2b_cart.TestRegularProductsNoRegression" name="test_add_regular_product_to_cart" time="0.053" /><testcase classname="backend.tests.test_b2b_cart.TestRegularProductsNoRegression" name="test_cart_contains_mixed_products" time="0.055" /><testcase classname="backend.tests.test_b2b_cart.TestCartTotalsCalculation" name="test_cart_items_have_prices" time="0.094" /></testsuite></testsuites>