<?xml version="1.0" encoding="utf-8"?><testsuites name="pytest tests"><testsuite name="pytest" errors="0" failures="0" skipped="0" tests="15" time="2.332" timestamp="2026-04-06T13:01:39.946096+00:00" hostname="agent-env-e3923647-40c9-4c91-97f2-e62a7f55dadf"><testcase classname="backend.tests.test_code_quality_iteration14.TestProductsAPI" name="test_get_products_returns_list" time="0.173" /><testcase classname="backend.tests.test_code_quality_iteration14.TestProductsAPI" name="test_get_categories" time="0.105" /><testcase classname="backend.tests.test_code_quality_iteration14.TestProductsAPI" name="test_get_single_product" time="0.286" /><testcase classname="backend.tests.test_code_quality_iteration14.TestCartAPI" name="test_get_cart_empty_session" time="0.143" /><testcase classname="backend.tests.test_code_quality_iteration14.TestShippingSettingsAPI" name="test_get_shipping_settings" time="0.134" /><testcase classname="backend.tests.test_code_quality_iteration14.TestReviewsAPI" name="test_get_reviews" time="0.115" /><testcase classname="backend.tests.test_code_quality_iteration14.TestReviewsAPI" name="test_get_review_platforms" time="0.133" /><testcase classname="backend.tests.test_code_quality_iteration14.TestAuthAPI" name="test_register_weak_password" time="0.135" /><testcase classname="backend.tests.test_code_quality_iteration14.TestAuthAPI" name="test_login_wrong_credentials" time="0.112" /><testcase classname="backend.tests.test_code_quality_iteration14.TestAdminAPI" name="test_admin_login_no_credentials" time="0.120" /><testcase classname="backend.tests.test_code_quality_iteration14.TestAdminAPI" name="test_admin_login_wrong_credentials" time="0.163" /><testcase classname="backend.tests.test_code_quality_iteration14.TestAdminAPI" name="test_admin_login_correct_credentials_requires_2fa" time="0.328" /><testcase classname="backend.tests.test_code_quality_iteration14.TestDiscountCodeAPI" name="test_validate_invalid_discount_code" time="0.111" /><testcase classname="backend.tests.test_code_quality_iteration14.TestPaymentsAPI" name="test_checkout_empty_cart" time="0.109" /><testcase classname="backend.tests.test_code_quality_iteration14.TestInitDataEndpoint" name="test_init_data_idempotent" time="0.111" /></testsuite></testsuites>