<?xml version="1.0" encoding="utf-8"?><testsuites name="pytest tests"><testsuite name="pytest" errors="0" failures="0" skipped="0" tests="13" time="4.390" timestamp="2026-03-23T11:55:30.729654+00:00" hostname="agent-env-e3923647-40c9-4c91-97f2-e62a7f55dadf"><testcase classname="backend.tests.test_customization_flow.TestAPIHealth" name="test_api_root" time="0.222" /><testcase classname="backend.tests.test_customization_flow.TestUploadEndpoints" name="test_upload_base64_valid_image" time="0.111" /><testcase classname="backend.tests.test_customization_flow.TestUploadEndpoints" name="test_upload_base64_without_prefix" time="0.125" /><testcase classname="backend.tests.test_customization_flow.TestUploadEndpoints" name="test_uploaded_file_accessible" time="0.245" /><testcase classname="backend.tests.test_customization_flow.TestCartCustomization" name="test_add_nametag_to_cart_with_customization" time="0.304" /><testcase classname="backend.tests.test_customization_flow.TestCartCustomization" name="test_add_photoalbum_to_cart_with_customization" time="0.289" /><testcase classname="backend.tests.test_customization_flow.TestCartCustomization" name="test_get_cart_returns_customization" time="0.422" /><testcase classname="backend.tests.test_customization_flow.TestAdminOrders" name="test_admin_login" time="0.326" /><testcase classname="backend.tests.test_customization_flow.TestAdminOrders" name="test_admin_get_orders_list" time="0.426" /><testcase classname="backend.tests.test_customization_flow.TestAdminOrders" name="test_admin_order_details_has_customization" time="0.541" /><testcase classname="backend.tests.test_customization_flow.TestExistingTestOrders" name="test_find_nametag_order" time="0.435" /><testcase classname="backend.tests.test_customization_flow.TestExistingTestOrders" name="test_find_photoalbum_order" time="0.433" /><testcase classname="backend.tests.test_customization_flow.TestOrderItemModel" name="test_order_item_has_required_fields" time="0.431" /></testsuite></testsuites>