<?xml version="1.0" encoding="utf-8"?><testsuites name="pytest tests"><testsuite name="pytest" errors="0" failures="0" skipped="0" tests="21" time="2.853" timestamp="2026-04-07T07:09:39.466876+00:00" hostname="agent-env-e3923647-40c9-4c91-97f2-e62a7f55dadf"><testcase classname="backend.tests.test_catalog_two_tabs.TestOurCatalogEndpoint" name="test_create_digital_catalog_order" time="0.188" /><testcase classname="backend.tests.test_catalog_two_tabs.TestOurCatalogEndpoint" name="test_create_physical_catalog_order_with_address" time="0.103" /><testcase classname="backend.tests.test_catalog_two_tabs.TestOurCatalogEndpoint" name="test_invalid_catalog_type_rejected" time="0.107" /><testcase classname="backend.tests.test_catalog_two_tabs.TestOurCatalogEndpoint" name="test_missing_required_field_company_name" time="0.157" /><testcase classname="backend.tests.test_catalog_two_tabs.TestOurCatalogEndpoint" name="test_missing_required_field_email" time="0.128" /><testcase classname="backend.tests.test_catalog_two_tabs.TestOurCatalogEndpoint" name="test_invalid_email_format" time="0.134" /><testcase classname="backend.tests.test_catalog_two_tabs.TestOurCatalogEndpoint" name="test_default_quantity_is_one" time="0.195" /><testcase classname="backend.tests.test_catalog_two_tabs.TestPrintCatalogEndpoint" name="test_create_print_order_with_pdf" time="0.103" /><testcase classname="backend.tests.test_catalog_two_tabs.TestPrintCatalogEndpoint" name="test_print_order_minimal_fields" time="0.117" /><testcase classname="backend.tests.test_catalog_two_tabs.TestPrintCatalogEndpoint" name="test_reject_non_pdf_file" time="0.102" /><testcase classname="backend.tests.test_catalog_two_tabs.TestPrintCatalogEndpoint" name="test_reject_missing_pdf_file" time="0.095" /><testcase classname="backend.tests.test_catalog_two_tabs.TestPrintCatalogEndpoint" name="test_reject_missing_company_name" time="0.101" /><testcase classname="backend.tests.test_catalog_two_tabs.TestGetCatalogOrders" name="test_get_orders_returns_list" time="0.102" /><testcase classname="backend.tests.test_catalog_two_tabs.TestGetCatalogOrders" name="test_orders_have_order_type_field" time="0.115" /><testcase classname="backend.tests.test_catalog_two_tabs.TestGetCatalogOrders" name="test_our_catalog_orders_have_catalog_type" time="0.100" /><testcase classname="backend.tests.test_catalog_two_tabs.TestGetCatalogOrders" name="test_print_orders_have_pdf_url" time="0.108" /><testcase classname="backend.tests.test_catalog_two_tabs.TestGetCatalogOrders" name="test_orders_sorted_by_newest_first" time="0.100" /><testcase classname="backend.tests.test_catalog_two_tabs.TestGetCatalogOrders" name="test_orders_exclude_mongodb_id" time="0.097" /><testcase classname="backend.tests.test_catalog_two_tabs.TestGetCatalogOrders" name="test_pdf_file_accessible" time="0.198" /><testcase classname="backend.tests.test_catalog_two_tabs.TestOrderDataIntegrity" name="test_our_catalog_order_data_persisted" time="0.208" /><testcase classname="backend.tests.test_catalog_two_tabs.TestOrderDataIntegrity" name="test_print_order_data_persisted" time="0.206" /></testsuite></testsuites>