<?xml version="1.0" encoding="utf-8"?><testsuites name="pytest tests"><testsuite name="pytest" errors="0" failures="0" skipped="0" tests="19" time="3.672" timestamp="2026-04-07T07:27:16.751963+00:00" hostname="agent-env-e3923647-40c9-4c91-97f2-e62a7f55dadf"><testcase classname="backend.tests.test_businesscard_endpoint.TestBusinessCardEditorMode" name="test_create_businesscard_order_editor_mode" time="0.298" /><testcase classname="backend.tests.test_businesscard_endpoint.TestBusinessCardEditorMode" name="test_create_businesscard_minimal_fields" time="0.105" /><testcase classname="backend.tests.test_businesscard_endpoint.TestBusinessCardEditorMode" name="test_businesscard_with_logo_upload" time="0.157" /><testcase classname="backend.tests.test_businesscard_endpoint.TestBusinessCardEditorMode" name="test_businesscard_all_templates" time="0.389" /><testcase classname="backend.tests.test_businesscard_endpoint.TestBusinessCardEditorMode" name="test_businesscard_all_colors" time="0.838" /><testcase classname="backend.tests.test_businesscard_endpoint.TestBusinessCardPdfMode" name="test_create_businesscard_pdf_mode_with_file" time="0.135" /><testcase classname="backend.tests.test_businesscard_endpoint.TestBusinessCardPdfMode" name="test_pdf_mode_requires_pdf_file" time="0.105" /><testcase classname="backend.tests.test_businesscard_endpoint.TestBusinessCardPdfMode" name="test_pdf_mode_rejects_non_pdf" time="0.118" /><testcase classname="backend.tests.test_businesscard_endpoint.TestBusinessCardValidation" name="test_missing_company_name" time="0.102" /><testcase classname="backend.tests.test_businesscard_endpoint.TestBusinessCardValidation" name="test_missing_email" time="0.122" /><testcase classname="backend.tests.test_businesscard_endpoint.TestBusinessCardValidation" name="test_default_values" time="0.222" /><testcase classname="backend.tests.test_businesscard_endpoint.TestBusinessCardOrderRetrieval" name="test_businesscard_orders_in_list" time="0.100" /><testcase classname="backend.tests.test_businesscard_endpoint.TestBusinessCardOrderRetrieval" name="test_businesscard_order_has_card_details" time="0.104" /><testcase classname="backend.tests.test_businesscard_endpoint.TestBusinessCardOrderRetrieval" name="test_businesscard_order_has_source_field" time="0.116" /><testcase classname="backend.tests.test_businesscard_endpoint.TestBusinessCardOrderRetrieval" name="test_pdf_businesscard_has_pdf_url" time="0.111" /><testcase classname="backend.tests.test_businesscard_endpoint.TestAllThreeEndpoints" name="test_our_catalog_endpoint_works" time="0.199" /><testcase classname="backend.tests.test_businesscard_endpoint.TestAllThreeEndpoints" name="test_print_endpoint_works" time="0.118" /><testcase classname="backend.tests.test_businesscard_endpoint.TestAllThreeEndpoints" name="test_businesscard_endpoint_works" time="0.108" /><testcase classname="backend.tests.test_businesscard_endpoint.TestAllThreeEndpoints" name="test_get_orders_returns_all_types" time="0.152" /></testsuite></testsuites>