<?xml version="1.0" encoding="utf-8"?><testsuites name="pytest tests"><testsuite name="pytest" errors="0" failures="1" skipped="0" tests="11" time="3.192" timestamp="2026-04-03T13:28:54.088195+00:00" hostname="agent-env-e3923647-40c9-4c91-97f2-e62a7f55dadf"><testcase classname="backend.tests.test_mandatory_2fa.TestMandatory2FALogin" name="test_login_with_correct_credentials_always_requires_2fa" time="0.542" /><testcase classname="backend.tests.test_mandatory_2fa.TestMandatory2FALogin" name="test_login_first_time_returns_qr_code_for_setup" time="0.289" /><testcase classname="backend.tests.test_mandatory_2fa.TestMandatory2FALogin" name="test_login_wrong_password_returns_401" time="0.277" /><testcase classname="backend.tests.test_mandatory_2fa.TestMandatory2FALogin" name="test_login_wrong_email_returns_401" time="0.054" /><testcase classname="backend.tests.test_mandatory_2fa.TestVerify2FA" name="test_verify_2fa_with_valid_code_returns_access_token" time="0.360" /><testcase classname="backend.tests.test_mandatory_2fa.TestVerify2FA" name="test_verify_2fa_activates_2fa_on_first_use" time="0.353" /><testcase classname="backend.tests.test_mandatory_2fa.TestVerify2FA" name="test_verify_2fa_with_invalid_code_returns_401" time="0.357" /><testcase classname="backend.tests.test_mandatory_2fa.TestVerify2FA" name="test_verify_2fa_with_invalid_temp_token_returns_401" time="0.060" /><testcase classname="backend.tests.test_mandatory_2fa.TestSubsequentLogins" name="test_subsequent_login_returns_needs_setup_false" time="0.633" /><testcase classname="backend.tests.test_mandatory_2fa.TestSubsequentLogins" name="test_full_2fa_flow_returning_user" time="0.053"><failure message="assert 429 == 200&#10; +  where 429 = &lt;Response [429]&gt;.status_code">backend/tests/test_mandatory_2fa.py:297: in test_full_2fa_flow_returning_user
    assert login_response.status_code == 200
E   assert 429 == 200
E    +  where 429 = &lt;Response [429]&gt;.status_code</failure></testcase><testcase classname="backend.tests.test_mandatory_2fa.TestForgotPasswordFromLogin" name="test_forgot_password_endpoint_works" time="0.058" /></testsuite></testsuites>