<?xml version="1.0" encoding="utf-8"?><testsuites name="pytest tests"><testsuite name="pytest" errors="0" failures="0" skipped="0" tests="21" time="5.196" timestamp="2026-03-19T09:08:13.937583+00:00" hostname="agent-env-6fe3cf50-7ba3-492c-8603-b841feb88c6c"><testcase classname="tests.test_printout_api.TestHealthAndBase" name="test_api_root_returns_version" time="0.172" /><testcase classname="tests.test_printout_api.TestHealthAndBase" name="test_init_data_endpoint" time="0.139" /><testcase classname="tests.test_printout_api.TestProducts" name="test_get_all_products" time="0.112" /><testcase classname="tests.test_printout_api.TestProducts" name="test_get_products_with_trailing_slash" time="0.101" /><testcase classname="tests.test_printout_api.TestProducts" name="test_get_product_categories" time="0.103" /><testcase classname="tests.test_printout_api.TestProducts" name="test_filter_products_by_category" time="0.096" /><testcase classname="tests.test_printout_api.TestProducts" name="test_get_single_product" time="0.204" /><testcase classname="tests.test_printout_api.TestProducts" name="test_get_nonexistent_product_returns_404" time="0.106" /><testcase classname="tests.test_printout_api.TestReviews" name="test_get_reviews" time="0.112" /><testcase classname="tests.test_printout_api.TestAuthentication" name="test_register_new_user" time="0.335" /><testcase classname="tests.test_printout_api.TestAuthentication" name="test_register_duplicate_email_fails" time="0.431" /><testcase classname="tests.test_printout_api.TestAuthentication" name="test_login_with_valid_credentials" time="0.726" /><testcase classname="tests.test_printout_api.TestAuthentication" name="test_login_with_invalid_credentials" time="0.134" /><testcase classname="tests.test_printout_api.TestAuthentication" name="test_get_profile_with_valid_token" time="0.433" /><testcase classname="tests.test_printout_api.TestCart" name="test_get_cart_creates_empty_cart" time="0.098" /><testcase classname="tests.test_printout_api.TestCart" name="test_add_item_to_cart" time="0.199" /><testcase classname="tests.test_printout_api.TestCart" name="test_cart_persistence_after_navigation" time="0.308" /><testcase classname="tests.test_printout_api.TestCart" name="test_update_cart_item_quantity" time="0.302" /><testcase classname="tests.test_printout_api.TestCart" name="test_remove_item_from_cart" time="0.311" /><testcase classname="tests.test_printout_api.TestCart" name="test_clear_cart" time="0.417" /><testcase classname="tests.test_printout_api.TestDesigns" name="test_create_design_without_auth" time="0.230" /></testsuite></testsuites>