<?xml version="1.0" encoding="utf-8"?><testsuites name="pytest tests"><testsuite name="pytest" errors="0" failures="0" skipped="0" tests="7" time="3.885" timestamp="2026-04-06T19:27:04.930179+00:00" hostname="agent-env-e3923647-40c9-4c91-97f2-e62a7f55dadf"><testcase classname="backend.tests.test_tracking_number_feature.TestTrackingNumberBackendAPI" name="test_update_order_with_tracking_number_and_carrier" time="1.083" /><testcase classname="backend.tests.test_tracking_number_feature.TestTrackingNumberBackendAPI" name="test_tracking_info_persisted_in_order" time="0.203" /><testcase classname="backend.tests.test_tracking_number_feature.TestTrackingNumberBackendAPI" name="test_all_carriers_accepted" time="0.757" /><testcase classname="backend.tests.test_tracking_number_feature.TestTrackingNumberBackendAPI" name="test_update_status_shipped_without_tracking" time="0.438" /><testcase classname="backend.tests.test_tracking_number_feature.TestTrackingNumberBackendAPI" name="test_get_order_details_includes_tracking" time="0.528" /><testcase classname="backend.tests.test_tracking_number_feature.TestTrackingNumberBackendAPI" name="test_update_tracking_number_only" time="0.437" /><testcase classname="backend.tests.test_tracking_number_feature.TestAdminOrderUpdateModel" name="test_model_accepts_all_fields" time="0.382" /></testsuite></testsuites>