<?xml version="1.0" encoding="utf-8"?><testsuites name="pytest tests"><testsuite name="pytest" errors="0" failures="0" skipped="0" tests="10" time="3.208" timestamp="2026-04-07T08:26:24.248725+00:00" hostname="agent-env-e3923647-40c9-4c91-97f2-e62a7f55dadf"><testcase classname="backend.tests.test_catalog_designer.TestCatalogDesignerCartIntegration" name="test_add_catalog_design_to_cart" time="0.306" /><testcase classname="backend.tests.test_catalog_designer.TestCatalogDesignerCartIntegration" name="test_catalog_design_with_multiple_pages" time="0.263" /><testcase classname="backend.tests.test_catalog_designer.TestCatalogDesignerCartIntegration" name="test_catalog_design_quantity_pricing" time="0.295" /><testcase classname="backend.tests.test_catalog_designer.TestCatalogDesignerCartIntegration" name="test_get_cart_with_catalog_design" time="0.379" /><testcase classname="backend.tests.test_catalog_designer.TestCatalogDesignerCartIntegration" name="test_update_catalog_design_quantity" time="0.317" /><testcase classname="backend.tests.test_catalog_designer.TestCatalogDesignerCartIntegration" name="test_delete_catalog_design_from_cart" time="0.312" /><testcase classname="backend.tests.test_catalog_designer.TestCatalogDesignerWithOtherProducts" name="test_mixed_cart_catalog_and_regular" time="0.432" /><testcase classname="backend.tests.test_catalog_designer.TestCatalogDesignerWithOtherProducts" name="test_multiple_catalog_designs_in_cart" time="0.406" /><testcase classname="backend.tests.test_catalog_designer.TestCatalogDesignerEdgeCases" name="test_catalog_with_special_characters_in_name" time="0.206" /><testcase classname="backend.tests.test_catalog_designer.TestCatalogDesignerEdgeCases" name="test_catalog_with_12_pages" time="0.215" /></testsuite></testsuites>