<?xml version="1.0" encoding="utf-8"?><testsuites name="pytest tests"><testsuite name="pytest" errors="0" failures="0" skipped="0" tests="13" time="2.446" timestamp="2026-04-07T06:54:41.744344+00:00" hostname="agent-env-e3923647-40c9-4c91-97f2-e62a7f55dadf"><testcase classname="backend.tests.test_catalog_pdf_upload.TestCatalogPDFUploadAPI" name="test_create_catalog_order_with_pdf" time="0.208" /><testcase classname="backend.tests.test_catalog_pdf_upload.TestCatalogPDFUploadAPI" name="test_create_order_minimal_required_fields" time="0.141" /><testcase classname="backend.tests.test_catalog_pdf_upload.TestCatalogPDFUploadAPI" name="test_reject_non_pdf_file" time="0.142" /><testcase classname="backend.tests.test_catalog_pdf_upload.TestCatalogPDFUploadAPI" name="test_reject_missing_pdf_file" time="0.126" /><testcase classname="backend.tests.test_catalog_pdf_upload.TestCatalogPDFUploadAPI" name="test_reject_missing_required_field_company_name" time="0.111" /><testcase classname="backend.tests.test_catalog_pdf_upload.TestCatalogPDFUploadAPI" name="test_reject_missing_required_field_email" time="0.103" /><testcase classname="backend.tests.test_catalog_pdf_upload.TestCatalogPDFUploadAPI" name="test_default_quantity_is_one" time="0.250" /><testcase classname="backend.tests.test_catalog_pdf_upload.TestCatalogPDFUploadAPI" name="test_get_catalog_orders_returns_list" time="0.110" /><testcase classname="backend.tests.test_catalog_pdf_upload.TestCatalogPDFUploadAPI" name="test_get_orders_contains_pdf_url_and_original_filename" time="0.229" /><testcase classname="backend.tests.test_catalog_pdf_upload.TestCatalogPDFUploadAPI" name="test_pdf_file_is_accessible_at_pdf_url" time="0.331" /><testcase classname="backend.tests.test_catalog_pdf_upload.TestCatalogPDFUploadAPI" name="test_get_orders_sorted_by_newest_first" time="0.295" /><testcase classname="backend.tests.test_catalog_pdf_upload.TestCatalogPDFUploadAPI" name="test_get_orders_excludes_mongodb_id" time="0.117" /><testcase classname="backend.tests.test_catalog_pdf_upload.TestCatalogPDFUploadAPI" name="test_order_contains_all_submitted_fields" time="0.207" /></testsuite></testsuites>