<?xml version="1.0" encoding="utf-8"?><testsuites name="pytest tests"><testsuite name="pytest" errors="0" failures="0" skipped="0" tests="26" time="5.962" timestamp="2026-05-04T12:25:17.440659+00:00" hostname="agent-env-e3923647-40c9-4c91-97f2-e62a7f55dadf"><testcase classname="backend.tests.test_saved_designs.TestAuthGuards" name="test_post_requires_auth" time="0.151" /><testcase classname="backend.tests.test_saved_designs.TestAuthGuards" name="test_get_list_requires_auth" time="0.110" /><testcase classname="backend.tests.test_saved_designs.TestAuthGuards" name="test_get_one_requires_auth" time="0.105" /><testcase classname="backend.tests.test_saved_designs.TestAuthGuards" name="test_put_requires_auth" time="0.106" /><testcase classname="backend.tests.test_saved_designs.TestAuthGuards" name="test_delete_requires_auth" time="0.109" /><testcase classname="backend.tests.test_saved_designs.TestSavedDesignCRUD" name="test_create_returns_full_model" time="0.468" /><testcase classname="backend.tests.test_saved_designs.TestSavedDesignCRUD" name="test_list_only_my_designs_sorted" time="0.731" /><testcase classname="backend.tests.test_saved_designs.TestSavedDesignCRUD" name="test_get_one_owned" time="0.152" /><testcase classname="backend.tests.test_saved_designs.TestSavedDesignCRUD" name="test_get_other_users_design_returns_404" time="0.112" /><testcase classname="backend.tests.test_saved_designs.TestSavedDesignCRUD" name="test_get_invalid_id_returns_404" time="0.143" /><testcase classname="backend.tests.test_saved_designs.TestSavedDesignCRUD" name="test_put_updates_and_bumps_updated_at" time="1.424" /><testcase classname="backend.tests.test_saved_designs.TestSavedDesignCRUD" name="test_put_other_users_design_404" time="0.109" /><testcase classname="backend.tests.test_saved_designs.TestSavedDesignCRUD" name="test_delete_other_users_404" time="0.107" /><testcase classname="backend.tests.test_saved_designs.TestSavedDesignCRUD" name="test_delete_owner_ok_then_404" time="0.213" /><testcase classname="backend.tests.test_saved_designs.TestEditorTypes" name="test_create_each_editor_type[businesscard-cust0]" time="0.220" /><testcase classname="backend.tests.test_saved_designs.TestEditorTypes" name="test_create_each_editor_type[nametag-cust1]" time="0.239" /><testcase classname="backend.tests.test_saved_designs.TestEditorTypes" name="test_create_each_editor_type[photoalbum-cust2]" time="0.214" /><testcase classname="backend.tests.test_saved_designs.TestEditorTypes" name="test_create_each_editor_type[design-cust3]" time="0.221" /><testcase classname="backend.tests.test_saved_designs.TestSEOFiles" name="test_robots_txt" time="0.114" /><testcase classname="backend.tests.test_saved_designs.TestSEOFiles" name="test_sitemap_xml" time="0.131" /><testcase classname="backend.tests.test_saved_designs.TestSEOFiles" name="test_manifest_json" time="0.114" /><testcase classname="backend.tests.test_saved_designs.TestSEOFiles" name="test_icon_files[/favicon.ico]" time="0.102" /><testcase classname="backend.tests.test_saved_designs.TestSEOFiles" name="test_icon_files[/favicon-32x32.png]" time="0.112" /><testcase classname="backend.tests.test_saved_designs.TestSEOFiles" name="test_icon_files[/apple-touch-icon.png]" time="0.127" /><testcase classname="backend.tests.test_saved_designs.TestSEOFiles" name="test_icon_files[/og-image.jpg]" time="0.121" /><testcase classname="backend.tests.test_saved_designs.TestSEOFiles" name="test_index_html_seo_tags" time="0.125" /></testsuite></testsuites>